Using pre-set license
Built from '2021.3/staging' branch; Version is '2021.3.6f1 (7da38d85baf6) revision 8233869'; Using compiler version '192829333'; Build Type 'Release'
OS: 'Windows 11  (10.0.22621) 64bit Core' Language: 'en' Physical Memory: 16205 MB
BatchMode: 1, IsHumanControllingUs: 0, StartBugReporterOnCrash: 0, Is64bit: 1, IsPro: 1

COMMAND LINE ARGUMENTS:
C:\Program Files\Unity\Hub\Editor\2021.3.6f1\Editor\Unity.exe
-adb2
-batchMode
-noUpm
-name
AssetImportWorker6
-projectPath
C:/Users/jorik/School/CollabProject/CollabProject_Respond/Respond
-logFile
Logs/AssetImportWorker6.log
-srvPort
60596
Successfully changed project path to: C:/Users/jorik/School/CollabProject/CollabProject_Respond/Respond
C:/Users/jorik/School/CollabProject/CollabProject_Respond/Respond
[UnityMemory] Configuration Parameters - Can be set up in boot.config
    "memorysetup-bucket-allocator-granularity=16"
    "memorysetup-bucket-allocator-bucket-count=8"
    "memorysetup-bucket-allocator-block-size=33554432"
    "memorysetup-bucket-allocator-block-count=8"
    "memorysetup-main-allocator-block-size=16777216"
    "memorysetup-thread-allocator-block-size=16777216"
    "memorysetup-gfx-main-allocator-block-size=16777216"
    "memorysetup-gfx-thread-allocator-block-size=16777216"
    "memorysetup-cache-allocator-block-size=4194304"
    "memorysetup-typetree-allocator-block-size=2097152"
    "memorysetup-profiler-bucket-allocator-granularity=16"
    "memorysetup-profiler-bucket-allocator-bucket-count=8"
    "memorysetup-profiler-bucket-allocator-block-size=33554432"
    "memorysetup-profiler-bucket-allocator-block-count=8"
    "memorysetup-profiler-allocator-block-size=16777216"
    "memorysetup-profiler-editor-allocator-block-size=1048576"
    "memorysetup-temp-allocator-size-main=16777216"
    "memorysetup-job-temp-allocator-block-size=2097152"
    "memorysetup-job-temp-allocator-block-size-background=1048576"
    "memorysetup-job-temp-allocator-reduction-small-platforms=262144"
    "memorysetup-temp-allocator-size-background-worker=32768"
    "memorysetup-temp-allocator-size-job-worker=262144"
    "memorysetup-temp-allocator-size-preload-manager=33554432"
    "memorysetup-temp-allocator-size-nav-mesh-worker=65536"
    "memorysetup-temp-allocator-size-audio-worker=65536"
    "memorysetup-temp-allocator-size-cloud-worker=32768"
    "memorysetup-temp-allocator-size-gi-baking-worker=262144"
    "memorysetup-temp-allocator-size-gfx=262144"
Refreshing native plugins compatible for Editor in 156.83 ms, found 9 plugins.
Preloading 0 native plugins for Editor in 0.00 ms.
Initialize engine version: 2021.3.6f1 (7da38d85baf6)
[Subsystems] Discovering subsystems at path C:/Program Files/Unity/Hub/Editor/2021.3.6f1/Editor/Data/Resources/UnitySubsystems
[Subsystems] Discovering subsystems at path C:/Users/jorik/School/CollabProject/CollabProject_Respond/Respond/Assets
GfxDevice: creating device client; threaded=0; jobified=0
Direct3D:
    Version:  Direct3D 11.0 [level 11.1]
    Renderer: NVIDIA GeForce RTX 3060 Laptop GPU (ID=0x2520)
    Vendor:   NVIDIA
    VRAM:     6023 MB
    Driver:   30.0.14.9717
Initialize mono
Mono path[0] = 'C:/Program Files/Unity/Hub/Editor/2021.3.6f1/Editor/Data/Managed'
Mono path[1] = 'C:/Program Files/Unity/Hub/Editor/2021.3.6f1/Editor/Data/MonoBleedingEdge/lib/mono/unityjit-win32'
Mono config path = 'C:/Program Files/Unity/Hub/Editor/2021.3.6f1/Editor/Data/MonoBleedingEdge/etc'
Using monoOptions --debugger-agent=transport=dt_socket,embedding=1,server=y,suspend=n,address=127.0.0.1:56648
Begin MonoManager ReloadAssembly
Registering precompiled unity dll's ...
Register platform support module: C:/Program Files/Unity/Hub/Editor/2021.3.6f1/Editor/Data/PlaybackEngines/WindowsStandaloneSupport/UnityEditor.WindowsStandalone.Extensions.dll
Registered in 0.005374 seconds.
Native extension for WindowsStandalone target not found
Refreshing native plugins compatible for Editor in 150.87 ms, found 9 plugins.
Preloading 0 native plugins for Editor in 0.00 ms.
Mono: successfully reloaded assembly
- Completed reload, in  0.731 seconds
Domain Reload Profiling:
	ReloadAssembly (732ms)
		BeginReloadAssembly (80ms)
			ExecutionOrderSort (0ms)
			DisableScriptedObjects (0ms)
			BackupInstance (0ms)
			ReleaseScriptingObjects (0ms)
			CreateAndSetChildDomain (1ms)
		EndReloadAssembly (539ms)
			LoadAssemblies (78ms)
			RebuildTransferFunctionScriptingTraits (0ms)
			SetupTypeCache (110ms)
			ReleaseScriptCaches (0ms)
			RebuildScriptCaches (31ms)
			SetupLoadedEditorAssemblies (345ms)
				LogAssemblyErrors (0ms)
				InitializePlatformSupportModulesInManaged (8ms)
				SetLoadedEditorAssemblies (0ms)
				RefreshPlugins (151ms)
				BeforeProcessingInitializeOnLoad (1ms)
				ProcessInitializeOnLoadAttributes (140ms)
				ProcessInitializeOnLoadMethodAttributes (44ms)
				AfterProcessingInitializeOnLoad (0ms)
				EditorAssembliesLoaded (0ms)
			ExecutionOrderSort2 (0ms)
			AwakeInstancesAfterBackupRestoration (0ms)
Platform modules already initialized, skipping
Registering precompiled user dll's ...
Registered in 0.013114 seconds.
Begin MonoManager ReloadAssembly
Symbol file LoadedFromMemory doesn't match image C:\Users\jorik\School\CollabProject\CollabProject_Respond\Respond\Library\PackageCache\com.unity.visualscripting@1.7.8\Editor\VisualScripting.Core\Dependencies\DotNetZip\Unity.VisualScripting.IonicZip.dll
Symbol file LoadedFromMemory doesn't match image C:\Users\jorik\School\CollabProject\CollabProject_Respond\Respond\Library\PackageCache\com.unity.visualscripting@1.7.8\Editor\VisualScripting.Core\Dependencies\YamlDotNet\Unity.VisualScripting.YamlDotNet.dll
Native extension for WindowsStandalone target not found
Refreshing native plugins compatible for Editor in 154.37 ms, found 9 plugins.
Preloading 0 native plugins for Editor in 0.00 ms.
Package Manager log level set to [2]
Mono: successfully reloaded assembly
- Completed reload, in  1.823 seconds
Domain Reload Profiling:
	ReloadAssembly (1824ms)
		BeginReloadAssembly (153ms)
			ExecutionOrderSort (0ms)
			DisableScriptedObjects (9ms)
			BackupInstance (0ms)
			ReleaseScriptingObjects (0ms)
			CreateAndSetChildDomain (27ms)
		EndReloadAssembly (1536ms)
			LoadAssemblies (123ms)
			RebuildTransferFunctionScriptingTraits (0ms)
			SetupTypeCache (373ms)
			ReleaseScriptCaches (1ms)
			RebuildScriptCaches (100ms)
			SetupLoadedEditorAssemblies (902ms)
				LogAssemblyErrors (0ms)
				InitializePlatformSupportModulesInManaged (4ms)
				SetLoadedEditorAssemblies (0ms)
				RefreshPlugins (154ms)
				BeforeProcessingInitializeOnLoad (167ms)
				ProcessInitializeOnLoadAttributes (452ms)
				ProcessInitializeOnLoadMethodAttributes (117ms)
				AfterProcessingInitializeOnLoad (7ms)
				EditorAssembliesLoaded (0ms)
			ExecutionOrderSort2 (0ms)
			AwakeInstancesAfterBackupRestoration (6ms)
Platform modules already initialized, skipping
========================================================================
Worker process is ready to serve import requests
Launched and connected shader compiler UnityShaderCompiler.exe after 0.06 seconds
Refreshing native plugins compatible for Editor in 1.46 ms, found 9 plugins.
Preloading 0 native plugins for Editor in 0.00 ms.
Unloading 6650 Unused Serialized files (Serialized files now loaded: 0)
Unloading 64 unused Assets / (0.7 MB). Loaded Objects now: 7112.
Memory consumption went from 263.7 MB to 263.0 MB.
Total: 4.919300 ms (FindLiveObjects: 0.663800 ms CreateObjectMapping: 0.719700 ms MarkObjects: 3.169200 ms  DeleteObjects: 0.365300 ms)

AssetImportParameters requested are different than current active one (requested -> active):
  custom:video-decoder-ogg-theora: a1e56fd34408186e4bbccfd4996cb3dc -> 
  custom:container-muxer-webm: aa71ff27fc2769a1b78a27578f13a17b -> 
  custom:container-demuxer-webm: 4f35f7cbe854078d1ac9338744f61a02 -> 
  custom:video-encoder-webm-vp8: eb34c28f22e8b96e1ab97ce403110664 -> 
  custom:audio-encoder-webm-vorbis: bf7c407c2cedff20999df2af8eb42d56 -> 
  custom:framework-win-MediaFoundation: 216162199b28c13a410421893ffa2e32 -> 
  custom:container-demuxer-ogg: 62fdf1f143b41e24485cea50d1cbac27 -> 
  custom:video-decoder-webm-vp8: 9c59270c3fd7afecdb556c50c9e8de78 -> 
  custom:audio-decoder-ogg-vorbis: bf7c407c2cedff20999df2af8eb42d56 -> 
========================================================================
Received Import Request.
  Time since last request: 316926.180463 seconds.
  path: Assets/Sketchfab For Unity
  artifactKey: Guid(20c947a41a56ae3478151c41467de777) Importer(815301076,1909f56bfc062723c751e8b465ee728b)
Start importing Assets/Sketchfab For Unity using Guid(20c947a41a56ae3478151c41467de777) Importer(815301076,1909f56bfc062723c751e8b465ee728b)  -> (artifact id: '5c7863f8f4ad37be9bdacad7544d8067') in 0.010832 seconds 
========================================================================
Received Import Request.
  Time since last request: 0.574349 seconds.
  path: Assets/Shaders
  artifactKey: Guid(63bf7a003a2a7bd41856457095baed45) Importer(815301076,1909f56bfc062723c751e8b465ee728b)
Start importing Assets/Shaders using Guid(63bf7a003a2a7bd41856457095baed45) Importer(815301076,1909f56bfc062723c751e8b465ee728b)  -> (artifact id: '421c7147dd17388d44d4940beadb09d6') in 0.001708 seconds 
========================================================================
Received Import Request.
  Time since last request: 5.444562 seconds.
  path: Assets/Adam_Scene.unity
  artifactKey: Guid(30e4cff039545e54da7767ab503aaca7) Importer(815301076,1909f56bfc062723c751e8b465ee728b)
Start importing Assets/Adam_Scene.unity using Guid(30e4cff039545e54da7767ab503aaca7) Importer(815301076,1909f56bfc062723c751e8b465ee728b)  -> (artifact id: 'ef2933689416682cb917434ff98ddf38') in 0.002103 seconds 
========================================================================
Received Import Request.
  Time since last request: 1.432159 seconds.
  path: Assets/ProBuilder Data
  artifactKey: Guid(6ec0f6544d8616a4ea19cc3a76f1b171) Importer(815301076,1909f56bfc062723c751e8b465ee728b)
Start importing Assets/ProBuilder Data using Guid(6ec0f6544d8616a4ea19cc3a76f1b171) Importer(815301076,1909f56bfc062723c751e8b465ee728b)  -> (artifact id: '5e8ccfddad17a1d272f71a0467ac8dc5') in 0.001625 seconds 
========================================================================
Received Import Request.
  Time since last request: 0.949378 seconds.
  path: Assets/Nick's Folder
  artifactKey: Guid(8e6d8ab2493602b429cda6a0bcc34b24) Importer(815301076,1909f56bfc062723c751e8b465ee728b)
Start importing Assets/Nick's Folder using Guid(8e6d8ab2493602b429cda6a0bcc34b24) Importer(815301076,1909f56bfc062723c751e8b465ee728b)  -> (artifact id: 'f6f21bbcb97711b9b51bdcda29be0701') in 0.001719 seconds 
========================================================================
Received Import Request.
  Time since last request: 2.621320 seconds.
  path: Assets/Materials/Materials
  artifactKey: Guid(ab230d7da3a92854089f2264d27dce92) Importer(815301076,1909f56bfc062723c751e8b465ee728b)
Start importing Assets/Materials/Materials using Guid(ab230d7da3a92854089f2264d27dce92) Importer(815301076,1909f56bfc062723c751e8b465ee728b)  -> (artifact id: 'cbe3c91ead7520d9a08635c87e96a960') in 0.001557 seconds 
========================================================================
Received Import Request.
  Time since last request: 0.055224 seconds.
  path: Assets/Materials/Materials/backpack_tex.png
  artifactKey: Guid(1741ca8913aeb0145a6779c880c95389) Importer(815301076,1909f56bfc062723c751e8b465ee728b)
Start importing Assets/Materials/Materials/backpack_tex.png using Guid(1741ca8913aeb0145a6779c880c95389) Importer(815301076,1909f56bfc062723c751e8b465ee728b)  -> (artifact id: 'e178d442ba48484eba94aa34b6db16d8') in 0.080389 seconds 
========================================================================
Received Import Request.
  Time since last request: 0.000027 seconds.
  path: Assets/Materials/Materials/phoneScreen.png
  artifactKey: Guid(10078e83606df164ca699cb0b6386cde) Importer(815301076,1909f56bfc062723c751e8b465ee728b)
Start importing Assets/Materials/Materials/phoneScreen.png using Guid(10078e83606df164ca699cb0b6386cde) Importer(815301076,1909f56bfc062723c751e8b465ee728b)  -> (artifact id: 'c851fb81d5544565ae3826016c605fac') in 0.033988 seconds 
========================================================================
Received Import Request.
  Time since last request: 0.000032 seconds.
  path: Assets/Materials/Materials/pink texture.jpg
  artifactKey: Guid(3632fbe04c3a2834681b9c1097cc964b) Importer(815301076,1909f56bfc062723c751e8b465ee728b)
Start importing Assets/Materials/Materials/pink texture.jpg using Guid(3632fbe04c3a2834681b9c1097cc964b) Importer(815301076,1909f56bfc062723c751e8b465ee728b)  -> (artifact id: '3e052b62947c250b18ad7ee5e3b9ebff') in 0.014898 seconds 
========================================================================
Received Import Request.
  Time since last request: 0.000032 seconds.
  path: Assets/Materials/Materials/imageedit_6_9283804300.jpg
  artifactKey: Guid(7d170d69b14c5c741ae5f33291b36067) Importer(815301076,1909f56bfc062723c751e8b465ee728b)
Start importing Assets/Materials/Materials/imageedit_6_9283804300.jpg using Guid(7d170d69b14c5c741ae5f33291b36067) Importer(815301076,1909f56bfc062723c751e8b465ee728b)  -> (artifact id: 'a5ec911c1563d54494c6c141faf6857d') in 0.017607 seconds 
========================================================================
Received Import Request.
  Time since last request: 0.000037 seconds.
  path: Assets/Materials/Materials/green-background-920072_1280.mat
  artifactKey: Guid(fc9104f97b293cd4b8e4bd993ac8f9b4) Importer(815301076,1909f56bfc062723c751e8b465ee728b)
Start importing Assets/Materials/Materials/green-background-920072_1280.mat using Guid(fc9104f97b293cd4b8e4bd993ac8f9b4) Importer(815301076,1909f56bfc062723c751e8b465ee728b)  -> (artifact id: '98c1f4b235c75ce848fe0e682df37002') in 0.237534 seconds 
========================================================================
Received Import Request.
  Time since last request: 15.479645 seconds.
  path: Assets/CaptainCatSparrow/PBR_Materials/500_Materials/Materials/Floor/mFloor_2.mat
  artifactKey: Guid(dea1d7c10d5aec9438808e4e23d35e61) Importer(815301076,1909f56bfc062723c751e8b465ee728b)
Start importing Assets/CaptainCatSparrow/PBR_Materials/500_Materials/Materials/Floor/mFloor_2.mat using Guid(dea1d7c10d5aec9438808e4e23d35e61) Importer(815301076,1909f56bfc062723c751e8b465ee728b)  -> (artifact id: 'e65fc226defb395207baf16b6e2a0cbb') in 0.071896 seconds 
========================================================================
Received Import Request.
  Time since last request: 0.000026 seconds.
  path: Assets/CaptainCatSparrow/PBR_Materials/500_Materials/Materials/Floor/mFloor_7.mat
  artifactKey: Guid(fef46b4cbb7ff5641982fa83456015a7) Importer(815301076,1909f56bfc062723c751e8b465ee728b)
Start importing Assets/CaptainCatSparrow/PBR_Materials/500_Materials/Materials/Floor/mFloor_7.mat using Guid(fef46b4cbb7ff5641982fa83456015a7) Importer(815301076,1909f56bfc062723c751e8b465ee728b)  -> (artifact id: '29347d37f5b9d69599542f9fbf40e6f2') in 0.049561 seconds 
========================================================================
Received Import Request.
  Time since last request: 0.000029 seconds.
  path: Assets/CaptainCatSparrow/PBR_Materials/500_Materials/Materials/Floor/mFloor_8.mat
  artifactKey: Guid(dfe2b8e7807cf5649b40118696133b60) Importer(815301076,1909f56bfc062723c751e8b465ee728b)
Start importing Assets/CaptainCatSparrow/PBR_Materials/500_Materials/Materials/Floor/mFloor_8.mat using Guid(dfe2b8e7807cf5649b40118696133b60) Importer(815301076,1909f56bfc062723c751e8b465ee728b)  -> (artifact id: 'd19ed8a10392ab74966ab769ba4f59d2') in 0.030918 seconds 
========================================================================
Received Import Request.
  Time since last request: 0.000030 seconds.
  path: Assets/CaptainCatSparrow/PBR_Materials/500_Materials/Materials/Floor/mFloor_10.mat
  artifactKey: Guid(01a6717046987e34aae97b1a7292e32e) Importer(815301076,1909f56bfc062723c751e8b465ee728b)
Start importing Assets/CaptainCatSparrow/PBR_Materials/500_Materials/Materials/Floor/mFloor_10.mat using Guid(01a6717046987e34aae97b1a7292e32e) Importer(815301076,1909f56bfc062723c751e8b465ee728b)  -> (artifact id: '0065cf2dbc42c6f8e694839b0de1edcf') in 0.044743 seconds 
========================================================================
Received Import Request.
  Time since last request: 30.352843 seconds.
  path: Assets/CaptainCatSparrow/PBR_Materials/500_Materials/Materials/Ground/mGround_2.mat
  artifactKey: Guid(e0f91876e570b8d459fee1adf7b7d29a) Importer(815301076,1909f56bfc062723c751e8b465ee728b)
Start importing Assets/CaptainCatSparrow/PBR_Materials/500_Materials/Materials/Ground/mGround_2.mat using Guid(e0f91876e570b8d459fee1adf7b7d29a) Importer(815301076,1909f56bfc062723c751e8b465ee728b)  -> (artifact id: 'aea6fc76b8ea626d4da063d97a2b7a23') in 0.028687 seconds 
========================================================================
Received Import Request.
  Time since last request: 0.000024 seconds.
  path: Assets/CaptainCatSparrow/PBR_Materials/500_Materials/Materials/Ground/mGround_6.mat
  artifactKey: Guid(8e6879f7b2165944fa851e96e5c5877e) Importer(815301076,1909f56bfc062723c751e8b465ee728b)
Start importing Assets/CaptainCatSparrow/PBR_Materials/500_Materials/Materials/Ground/mGround_6.mat using Guid(8e6879f7b2165944fa851e96e5c5877e) Importer(815301076,1909f56bfc062723c751e8b465ee728b)  -> (artifact id: '6397697a2bd2152bc8e8b0b5f1858d9e') in 0.035052 seconds 
Editor requested this worker to shutdown with reason: Scaling down because of idle timeout
AssetImportWorker is now disconnected from the server
Process exiting
Exiting without the bug reporter. Application will terminate with return code 0