Using pre-set license
Built from '2021.3/staging' branch; Version is '2021.3.6f1 (7da38d85baf6) revision 8233869'; Using compiler version '192829333'; Build Type 'Release'
OS: 'Windows 11  (10.0.22621) 64bit Core' Language: 'en' Physical Memory: 16205 MB
BatchMode: 1, IsHumanControllingUs: 0, StartBugReporterOnCrash: 0, Is64bit: 1, IsPro: 1

COMMAND LINE ARGUMENTS:
C:\Program Files\Unity\Hub\Editor\2021.3.6f1\Editor\Unity.exe
-adb2
-batchMode
-noUpm
-name
AssetImportWorker8
-projectPath
C:/Users/jorik/School/CollabProject/CollabProject_Respond/Respond
-logFile
Logs/AssetImportWorker8.log
-srvPort
60596
Successfully changed project path to: C:/Users/jorik/School/CollabProject/CollabProject_Respond/Respond
C:/Users/jorik/School/CollabProject/CollabProject_Respond/Respond
[UnityMemory] Configuration Parameters - Can be set up in boot.config
    "memorysetup-bucket-allocator-granularity=16"
    "memorysetup-bucket-allocator-bucket-count=8"
    "memorysetup-bucket-allocator-block-size=33554432"
    "memorysetup-bucket-allocator-block-count=8"
    "memorysetup-main-allocator-block-size=16777216"
    "memorysetup-thread-allocator-block-size=16777216"
    "memorysetup-gfx-main-allocator-block-size=16777216"
    "memorysetup-gfx-thread-allocator-block-size=16777216"
    "memorysetup-cache-allocator-block-size=4194304"
    "memorysetup-typetree-allocator-block-size=2097152"
    "memorysetup-profiler-bucket-allocator-granularity=16"
    "memorysetup-profiler-bucket-allocator-bucket-count=8"
    "memorysetup-profiler-bucket-allocator-block-size=33554432"
    "memorysetup-profiler-bucket-allocator-block-count=8"
    "memorysetup-profiler-allocator-block-size=16777216"
    "memorysetup-profiler-editor-allocator-block-size=1048576"
    "memorysetup-temp-allocator-size-main=16777216"
    "memorysetup-job-temp-allocator-block-size=2097152"
    "memorysetup-job-temp-allocator-block-size-background=1048576"
    "memorysetup-job-temp-allocator-reduction-small-platforms=262144"
    "memorysetup-temp-allocator-size-background-worker=32768"
    "memorysetup-temp-allocator-size-job-worker=262144"
    "memorysetup-temp-allocator-size-preload-manager=33554432"
    "memorysetup-temp-allocator-size-nav-mesh-worker=65536"
    "memorysetup-temp-allocator-size-audio-worker=65536"
    "memorysetup-temp-allocator-size-cloud-worker=32768"
    "memorysetup-temp-allocator-size-gi-baking-worker=262144"
    "memorysetup-temp-allocator-size-gfx=262144"
Refreshing native plugins compatible for Editor in 159.88 ms, found 9 plugins.
Preloading 0 native plugins for Editor in 0.00 ms.
Initialize engine version: 2021.3.6f1 (7da38d85baf6)
[Subsystems] Discovering subsystems at path C:/Program Files/Unity/Hub/Editor/2021.3.6f1/Editor/Data/Resources/UnitySubsystems
[Subsystems] Discovering subsystems at path C:/Users/jorik/School/CollabProject/CollabProject_Respond/Respond/Assets
GfxDevice: creating device client; threaded=0; jobified=0
Direct3D:
    Version:  Direct3D 11.0 [level 11.1]
    Renderer: NVIDIA GeForce RTX 3060 Laptop GPU (ID=0x2520)
    Vendor:   NVIDIA
    VRAM:     6023 MB
    Driver:   30.0.14.9717
Initialize mono
Mono path[0] = 'C:/Program Files/Unity/Hub/Editor/2021.3.6f1/Editor/Data/Managed'
Mono path[1] = 'C:/Program Files/Unity/Hub/Editor/2021.3.6f1/Editor/Data/MonoBleedingEdge/lib/mono/unityjit-win32'
Mono config path = 'C:/Program Files/Unity/Hub/Editor/2021.3.6f1/Editor/Data/MonoBleedingEdge/etc'
Using monoOptions --debugger-agent=transport=dt_socket,embedding=1,server=y,suspend=n,address=127.0.0.1:56752
Begin MonoManager ReloadAssembly
Registering precompiled unity dll's ...
Register platform support module: C:/Program Files/Unity/Hub/Editor/2021.3.6f1/Editor/Data/PlaybackEngines/WindowsStandaloneSupport/UnityEditor.WindowsStandalone.Extensions.dll
Registered in 0.005240 seconds.
Native extension for WindowsStandalone target not found
Refreshing native plugins compatible for Editor in 140.10 ms, found 9 plugins.
Preloading 0 native plugins for Editor in 0.00 ms.
Mono: successfully reloaded assembly
- Completed reload, in  0.716 seconds
Domain Reload Profiling:
	ReloadAssembly (717ms)
		BeginReloadAssembly (73ms)
			ExecutionOrderSort (0ms)
			DisableScriptedObjects (0ms)
			BackupInstance (0ms)
			ReleaseScriptingObjects (0ms)
			CreateAndSetChildDomain (1ms)
		EndReloadAssembly (534ms)
			LoadAssemblies (71ms)
			RebuildTransferFunctionScriptingTraits (0ms)
			SetupTypeCache (114ms)
			ReleaseScriptCaches (0ms)
			RebuildScriptCaches (31ms)
			SetupLoadedEditorAssemblies (336ms)
				LogAssemblyErrors (0ms)
				InitializePlatformSupportModulesInManaged (9ms)
				SetLoadedEditorAssemblies (0ms)
				RefreshPlugins (140ms)
				BeforeProcessingInitializeOnLoad (1ms)
				ProcessInitializeOnLoadAttributes (140ms)
				ProcessInitializeOnLoadMethodAttributes (44ms)
				AfterProcessingInitializeOnLoad (0ms)
				EditorAssembliesLoaded (0ms)
			ExecutionOrderSort2 (0ms)
			AwakeInstancesAfterBackupRestoration (0ms)
Platform modules already initialized, skipping
Registering precompiled user dll's ...
Registered in 0.012301 seconds.
Begin MonoManager ReloadAssembly
Symbol file LoadedFromMemory doesn't match image C:\Users\jorik\School\CollabProject\CollabProject_Respond\Respond\Library\PackageCache\com.unity.visualscripting@1.7.8\Editor\VisualScripting.Core\Dependencies\DotNetZip\Unity.VisualScripting.IonicZip.dll
Symbol file LoadedFromMemory doesn't match image C:\Users\jorik\School\CollabProject\CollabProject_Respond\Respond\Library\PackageCache\com.unity.visualscripting@1.7.8\Editor\VisualScripting.Core\Dependencies\YamlDotNet\Unity.VisualScripting.YamlDotNet.dll
Native extension for WindowsStandalone target not found
Refreshing native plugins compatible for Editor in 133.70 ms, found 9 plugins.
Preloading 0 native plugins for Editor in 0.00 ms.
Package Manager log level set to [2]
Mono: successfully reloaded assembly
- Completed reload, in  1.472 seconds
Domain Reload Profiling:
	ReloadAssembly (1473ms)
		BeginReloadAssembly (103ms)
			ExecutionOrderSort (0ms)
			DisableScriptedObjects (5ms)
			BackupInstance (0ms)
			ReleaseScriptingObjects (0ms)
			CreateAndSetChildDomain (17ms)
		EndReloadAssembly (1257ms)
			LoadAssemblies (92ms)
			RebuildTransferFunctionScriptingTraits (0ms)
			SetupTypeCache (292ms)
			ReleaseScriptCaches (1ms)
			RebuildScriptCaches (81ms)
			SetupLoadedEditorAssemblies (744ms)
				LogAssemblyErrors (0ms)
				InitializePlatformSupportModulesInManaged (3ms)
				SetLoadedEditorAssemblies (0ms)
				RefreshPlugins (134ms)
				BeforeProcessingInitializeOnLoad (128ms)
				ProcessInitializeOnLoadAttributes (373ms)
				ProcessInitializeOnLoadMethodAttributes (100ms)
				AfterProcessingInitializeOnLoad (6ms)
				EditorAssembliesLoaded (0ms)
			ExecutionOrderSort2 (0ms)
			AwakeInstancesAfterBackupRestoration (5ms)
Platform modules already initialized, skipping
========================================================================
Worker process is ready to serve import requests
Launched and connected shader compiler UnityShaderCompiler.exe after 0.05 seconds
Refreshing native plugins compatible for Editor in 1.34 ms, found 9 plugins.
Preloading 0 native plugins for Editor in 0.00 ms.
Unloading 6650 Unused Serialized files (Serialized files now loaded: 0)
Unloading 64 unused Assets / (0.7 MB). Loaded Objects now: 7112.
Memory consumption went from 263.9 MB to 263.2 MB.
Total: 4.682200 ms (FindLiveObjects: 0.489200 ms CreateObjectMapping: 0.658100 ms MarkObjects: 3.208900 ms  DeleteObjects: 0.324500 ms)

AssetImportParameters requested are different than current active one (requested -> active):
  custom:video-decoder-ogg-theora: a1e56fd34408186e4bbccfd4996cb3dc -> 
  custom:container-muxer-webm: aa71ff27fc2769a1b78a27578f13a17b -> 
  custom:container-demuxer-webm: 4f35f7cbe854078d1ac9338744f61a02 -> 
  custom:video-encoder-webm-vp8: eb34c28f22e8b96e1ab97ce403110664 -> 
  custom:audio-encoder-webm-vorbis: bf7c407c2cedff20999df2af8eb42d56 -> 
  custom:framework-win-MediaFoundation: 216162199b28c13a410421893ffa2e32 -> 
  custom:container-demuxer-ogg: 62fdf1f143b41e24485cea50d1cbac27 -> 
  custom:video-decoder-webm-vp8: 9c59270c3fd7afecdb556c50c9e8de78 -> 
  custom:audio-decoder-ogg-vorbis: bf7c407c2cedff20999df2af8eb42d56 -> 
========================================================================
Received Import Request.
  Time since last request: 316948.832350 seconds.
  path: Assets/CaptainCatSparrow
  artifactKey: Guid(9989f69ad632a2145b9af7a05929ad71) Importer(815301076,1909f56bfc062723c751e8b465ee728b)
Start importing Assets/CaptainCatSparrow using Guid(9989f69ad632a2145b9af7a05929ad71) Importer(815301076,1909f56bfc062723c751e8b465ee728b)  -> (artifact id: '18a15442ce5cb3ed0b81ba79fc21eeec') in 0.009512 seconds 
========================================================================
Received Import Request.
  Time since last request: 1.449670 seconds.
  path: Assets/CaptainCatSparrow/PBR_Materials
  artifactKey: Guid(62a8ab32d8f5b5c4b83addd445db64c2) Importer(815301076,1909f56bfc062723c751e8b465ee728b)
Start importing Assets/CaptainCatSparrow/PBR_Materials using Guid(62a8ab32d8f5b5c4b83addd445db64c2) Importer(815301076,1909f56bfc062723c751e8b465ee728b)  -> (artifact id: '6f9fbe4fe4ce708acb07be453ce6783a') in 0.001574 seconds 
========================================================================
Received Import Request.
  Time since last request: 0.792422 seconds.
  path: Assets/CaptainCatSparrow/PBR_Materials/500_Materials
  artifactKey: Guid(c9246f090de1a0a438a69a5d8a21277e) Importer(815301076,1909f56bfc062723c751e8b465ee728b)
Start importing Assets/CaptainCatSparrow/PBR_Materials/500_Materials using Guid(c9246f090de1a0a438a69a5d8a21277e) Importer(815301076,1909f56bfc062723c751e8b465ee728b)  -> (artifact id: '4175a27e9dca6ffca182fe50399a1b10') in 0.001470 seconds 
========================================================================
Received Import Request.
  Time since last request: 1.142058 seconds.
  path: Assets/CaptainCatSparrow/PBR_Materials/500_Materials/Materials
  artifactKey: Guid(b560f9ef730374247ac731f735728fb6) Importer(815301076,1909f56bfc062723c751e8b465ee728b)
Start importing Assets/CaptainCatSparrow/PBR_Materials/500_Materials/Materials using Guid(b560f9ef730374247ac731f735728fb6) Importer(815301076,1909f56bfc062723c751e8b465ee728b)  -> (artifact id: 'e02cf3326f1d1aa29d4ccb0f181487d7') in 0.001492 seconds 
========================================================================
Received Import Request.
  Time since last request: 0.933115 seconds.
  path: Assets/CaptainCatSparrow/PBR_Materials/500_Materials/Materials/Floor
  artifactKey: Guid(4ed7287a529c89d4fb88d167a36514f1) Importer(815301076,1909f56bfc062723c751e8b465ee728b)
Start importing Assets/CaptainCatSparrow/PBR_Materials/500_Materials/Materials/Floor using Guid(4ed7287a529c89d4fb88d167a36514f1) Importer(815301076,1909f56bfc062723c751e8b465ee728b)  -> (artifact id: '5b9528227e1d58c7eb530b2df0821c96') in 0.001369 seconds 
========================================================================
Received Import Request.
  Time since last request: 0.050873 seconds.
  path: Assets/CaptainCatSparrow/PBR_Materials/500_Materials/Materials/Floor/mFloor_1.mat
  artifactKey: Guid(0a56e37d8fbb9134088096454a87c3ff) Importer(815301076,1909f56bfc062723c751e8b465ee728b)
Start importing Assets/CaptainCatSparrow/PBR_Materials/500_Materials/Materials/Floor/mFloor_1.mat using Guid(0a56e37d8fbb9134088096454a87c3ff) Importer(815301076,1909f56bfc062723c751e8b465ee728b)  -> (artifact id: '8debdc453a27d997f399ce87da9a60f3') in 0.343539 seconds 
========================================================================
Received Import Request.
  Time since last request: 29.732358 seconds.
  path: Assets/CaptainCatSparrow/PBR_Materials/500_Materials/Materials/Ground
  artifactKey: Guid(132b6700272933b449c2182dfbec2b33) Importer(815301076,1909f56bfc062723c751e8b465ee728b)
Start importing Assets/CaptainCatSparrow/PBR_Materials/500_Materials/Materials/Ground using Guid(132b6700272933b449c2182dfbec2b33) Importer(815301076,1909f56bfc062723c751e8b465ee728b)  -> (artifact id: 'df2b9b15ef5b3fb7cddadaef568e3fe8') in 0.001766 seconds 
========================================================================
Received Import Request.
  Time since last request: 0.504684 seconds.
  path: Assets/CaptainCatSparrow/PBR_Materials/500_Materials/Materials/Ground/mGround_1.mat
  artifactKey: Guid(5ca27f3da1ff93f439357e481e62dce1) Importer(815301076,1909f56bfc062723c751e8b465ee728b)
Start importing Assets/CaptainCatSparrow/PBR_Materials/500_Materials/Materials/Ground/mGround_1.mat using Guid(5ca27f3da1ff93f439357e481e62dce1) Importer(815301076,1909f56bfc062723c751e8b465ee728b)  -> (artifact id: '570223816bee23812973cfe23cddc8d2') in 0.043252 seconds 
========================================================================
Received Import Request.
  Time since last request: 0.000028 seconds.
  path: Assets/CaptainCatSparrow/PBR_Materials/500_Materials/Materials/Ground/mGround_7.mat
  artifactKey: Guid(eaea88f1684bda947ac4903bbf899105) Importer(815301076,1909f56bfc062723c751e8b465ee728b)
Start importing Assets/CaptainCatSparrow/PBR_Materials/500_Materials/Materials/Ground/mGround_7.mat using Guid(eaea88f1684bda947ac4903bbf899105) Importer(815301076,1909f56bfc062723c751e8b465ee728b)  -> (artifact id: '12e6b175266498e791141ff6e5f96eeb') in 0.045136 seconds 
========================================================================
Received Import Request.
  Time since last request: 522.475937 seconds.
  path: Assets/JoriksFolder/JorikMaterials/Green.mat
  artifactKey: Guid(9615b75306db18943a7649bd8f0ec083) Importer(815301076,1909f56bfc062723c751e8b465ee728b)
Start importing Assets/JoriksFolder/JorikMaterials/Green.mat using Guid(9615b75306db18943a7649bd8f0ec083) Importer(815301076,1909f56bfc062723c751e8b465ee728b)  -> (artifact id: '139cf5ef1a5d06357a0e8351d2662fc0') in 0.025577 seconds 
========================================================================
Received Import Request.
  Time since last request: 27.585276 seconds.
  path: Assets/Low Poly Furniture
  artifactKey: Guid(8cea5d49b8d6fc94cbdf644baee1e3d4) Importer(815301076,1909f56bfc062723c751e8b465ee728b)
Start importing Assets/Low Poly Furniture using Guid(8cea5d49b8d6fc94cbdf644baee1e3d4) Importer(815301076,1909f56bfc062723c751e8b465ee728b)  -> (artifact id: 'e21a1273b051bd1b3d5de5cc5e9e29eb') in 0.001394 seconds 
