Using pre-set license
Built from '2021.3/staging' branch; Version is '2021.3.6f1 (7da38d85baf6) revision 8233869'; Using compiler version '192829333'; Build Type 'Release'
OS: 'Windows 10  (10.0.19044) 64bit Enterprise' Language: 'en' Physical Memory: 32560 MB
BatchMode: 1, IsHumanControllingUs: 0, StartBugReporterOnCrash: 0, Is64bit: 1, IsPro: 1

COMMAND LINE ARGUMENTS:
C:\Program Files\Unity\Hub\Editor\2021.3.6f1\Editor\Unity.exe
-adb2
-batchMode
-noUpm
-name
AssetImportWorker2
-projectPath
C:/Users/D00247069/Downloads/DKIT_CollaborativeProject/DKIT_CollaborativeProject/Respond
-logFile
Logs/AssetImportWorker2.log
-srvPort
53663
Successfully changed project path to: C:/Users/D00247069/Downloads/DKIT_CollaborativeProject/DKIT_CollaborativeProject/Respond
C:/Users/D00247069/Downloads/DKIT_CollaborativeProject/DKIT_CollaborativeProject/Respond
[UnityMemory] Configuration Parameters - Can be set up in boot.config
    "memorysetup-bucket-allocator-granularity=16"
    "memorysetup-bucket-allocator-bucket-count=8"
    "memorysetup-bucket-allocator-block-size=33554432"
    "memorysetup-bucket-allocator-block-count=8"
    "memorysetup-main-allocator-block-size=16777216"
    "memorysetup-thread-allocator-block-size=16777216"
    "memorysetup-gfx-main-allocator-block-size=16777216"
    "memorysetup-gfx-thread-allocator-block-size=16777216"
    "memorysetup-cache-allocator-block-size=4194304"
    "memorysetup-typetree-allocator-block-size=2097152"
    "memorysetup-profiler-bucket-allocator-granularity=16"
    "memorysetup-profiler-bucket-allocator-bucket-count=8"
    "memorysetup-profiler-bucket-allocator-block-size=33554432"
    "memorysetup-profiler-bucket-allocator-block-count=8"
    "memorysetup-profiler-allocator-block-size=16777216"
    "memorysetup-profiler-editor-allocator-block-size=1048576"
    "memorysetup-temp-allocator-size-main=16777216"
    "memorysetup-job-temp-allocator-block-size=2097152"
    "memorysetup-job-temp-allocator-block-size-background=1048576"
    "memorysetup-job-temp-allocator-reduction-small-platforms=262144"
    "memorysetup-temp-allocator-size-background-worker=32768"
    "memorysetup-temp-allocator-size-job-worker=262144"
    "memorysetup-temp-allocator-size-preload-manager=33554432"
    "memorysetup-temp-allocator-size-nav-mesh-worker=65536"
    "memorysetup-temp-allocator-size-audio-worker=65536"
    "memorysetup-temp-allocator-size-cloud-worker=32768"
    "memorysetup-temp-allocator-size-gi-baking-worker=262144"
    "memorysetup-temp-allocator-size-gfx=262144"
Refreshing native plugins compatible for Editor in 156.00 ms, found 9 plugins.
Preloading 0 native plugins for Editor in 0.00 ms.
Initialize engine version: 2021.3.6f1 (7da38d85baf6)
[Subsystems] Discovering subsystems at path C:/Program Files/Unity/Hub/Editor/2021.3.6f1/Editor/Data/Resources/UnitySubsystems
[Subsystems] Discovering subsystems at path C:/Users/D00247069/Downloads/DKIT_CollaborativeProject/DKIT_CollaborativeProject/Respond/Assets
GfxDevice: creating device client; threaded=0; jobified=0
Direct3D:
    Version:  Direct3D 11.0 [level 11.1]
    Renderer: NVIDIA GeForce RTX 3060 (ID=0x2504)
    Vendor:   NVIDIA
    VRAM:     12142 MB
    Driver:   31.0.15.1659
Initialize mono
Mono path[0] = 'C:/Program Files/Unity/Hub/Editor/2021.3.6f1/Editor/Data/Managed'
Mono path[1] = 'C:/Program Files/Unity/Hub/Editor/2021.3.6f1/Editor/Data/MonoBleedingEdge/lib/mono/unityjit-win32'
Mono config path = 'C:/Program Files/Unity/Hub/Editor/2021.3.6f1/Editor/Data/MonoBleedingEdge/etc'
Using monoOptions --debugger-agent=transport=dt_socket,embedding=1,server=y,suspend=n,address=127.0.0.1:56196
Begin MonoManager ReloadAssembly
Registering precompiled unity dll's ...
Register platform support module: C:/Program Files/Unity/Hub/Editor/2021.3.6f1/Editor/Data/PlaybackEngines/WebGLSupport/UnityEditor.WebGL.Extensions.dll
Register platform support module: C:/Program Files/Unity/Hub/Editor/2021.3.6f1/Editor/Data/PlaybackEngines/WindowsStandaloneSupport/UnityEditor.WindowsStandalone.Extensions.dll
Registered in 0.008308 seconds.
Native extension for WindowsStandalone target not found
Native extension for WebGL target not found
Refreshing native plugins compatible for Editor in 146.46 ms, found 9 plugins.
Preloading 0 native plugins for Editor in 0.00 ms.
Mono: successfully reloaded assembly
- Completed reload, in  0.734 seconds
Domain Reload Profiling:
	ReloadAssembly (734ms)
		BeginReloadAssembly (73ms)
			ExecutionOrderSort (0ms)
			DisableScriptedObjects (0ms)
			BackupInstance (0ms)
			ReleaseScriptingObjects (0ms)
			CreateAndSetChildDomain (1ms)
		EndReloadAssembly (545ms)
			LoadAssemblies (71ms)
			RebuildTransferFunctionScriptingTraits (0ms)
			SetupTypeCache (106ms)
			ReleaseScriptCaches (0ms)
			RebuildScriptCaches (30ms)
			SetupLoadedEditorAssemblies (352ms)
				LogAssemblyErrors (0ms)
				InitializePlatformSupportModulesInManaged (10ms)
				SetLoadedEditorAssemblies (0ms)
				RefreshPlugins (147ms)
				BeforeProcessingInitializeOnLoad (1ms)
				ProcessInitializeOnLoadAttributes (147ms)
				ProcessInitializeOnLoadMethodAttributes (47ms)
				AfterProcessingInitializeOnLoad (0ms)
				EditorAssembliesLoaded (0ms)
			ExecutionOrderSort2 (0ms)
			AwakeInstancesAfterBackupRestoration (0ms)
Platform modules already initialized, skipping
Registering precompiled user dll's ...
Registered in 0.012492 seconds.
Begin MonoManager ReloadAssembly
Symbol file LoadedFromMemory doesn't match image C:\Users\D00247069\Downloads\DKIT_CollaborativeProject\DKIT_CollaborativeProject\Respond\Library\PackageCache\com.unity.visualscripting@1.7.8\Editor\VisualScripting.Core\Dependencies\DotNetZip\Unity.VisualScripting.IonicZip.dll
Symbol file LoadedFromMemory doesn't match image C:\Users\D00247069\Downloads\DKIT_CollaborativeProject\DKIT_CollaborativeProject\Respond\Library\PackageCache\com.unity.visualscripting@1.7.8\Editor\VisualScripting.Core\Dependencies\YamlDotNet\Unity.VisualScripting.YamlDotNet.dll
Native extension for WindowsStandalone target not found
Native extension for WebGL target not found
Refreshing native plugins compatible for Editor in 146.33 ms, found 9 plugins.
Preloading 0 native plugins for Editor in 0.00 ms.
Package Manager log level set to [2]
Mono: successfully reloaded assembly
- Completed reload, in  1.928 seconds
Domain Reload Profiling:
	ReloadAssembly (1929ms)
		BeginReloadAssembly (109ms)
			ExecutionOrderSort (0ms)
			DisableScriptedObjects (6ms)
			BackupInstance (0ms)
			ReleaseScriptingObjects (0ms)
			CreateAndSetChildDomain (17ms)
		EndReloadAssembly (1693ms)
			LoadAssemblies (102ms)
			RebuildTransferFunctionScriptingTraits (0ms)
			SetupTypeCache (305ms)
			ReleaseScriptCaches (1ms)
			RebuildScriptCaches (86ms)
			SetupLoadedEditorAssemblies (1136ms)
				LogAssemblyErrors (0ms)
				InitializePlatformSupportModulesInManaged (6ms)
				SetLoadedEditorAssemblies (0ms)
				RefreshPlugins (146ms)
				BeforeProcessingInitializeOnLoad (165ms)
				ProcessInitializeOnLoadAttributes (561ms)
				ProcessInitializeOnLoadMethodAttributes (241ms)
				AfterProcessingInitializeOnLoad (16ms)
				EditorAssembliesLoaded (0ms)
			ExecutionOrderSort2 (0ms)
			AwakeInstancesAfterBackupRestoration (14ms)
Platform modules already initialized, skipping
========================================================================
Worker process is ready to serve import requests
Launched and connected shader compiler UnityShaderCompiler.exe after 0.04 seconds
Refreshing native plugins compatible for Editor in 1.59 ms, found 9 plugins.
Preloading 0 native plugins for Editor in 0.00 ms.
Unloading 6653 Unused Serialized files (Serialized files now loaded: 0)
Unloading 64 unused Assets / (0.8 MB). Loaded Objects now: 7115.
Memory consumption went from 283.6 MB to 282.8 MB.
Total: 6.255300 ms (FindLiveObjects: 1.063600 ms CreateObjectMapping: 0.595900 ms MarkObjects: 4.141700 ms  DeleteObjects: 0.452300 ms)

AssetImportParameters requested are different than current active one (requested -> active):
  custom:video-decoder-ogg-theora: a1e56fd34408186e4bbccfd4996cb3dc -> 
  custom:container-muxer-webm: aa71ff27fc2769a1b78a27578f13a17b -> 
  custom:container-demuxer-webm: 4f35f7cbe854078d1ac9338744f61a02 -> 
  custom:video-encoder-webm-vp8: eb34c28f22e8b96e1ab97ce403110664 -> 
  custom:audio-encoder-webm-vorbis: bf7c407c2cedff20999df2af8eb42d56 -> 
  custom:framework-win-MediaFoundation: 216162199b28c13a410421893ffa2e32 -> 
  custom:container-demuxer-ogg: 62fdf1f143b41e24485cea50d1cbac27 -> 
  custom:video-decoder-webm-vp8: 9c59270c3fd7afecdb556c50c9e8de78 -> 
  custom:audio-decoder-ogg-vorbis: bf7c407c2cedff20999df2af8eb42d56 -> 
========================================================================
Received Import Request.
  Time since last request: 181344.518309 seconds.
  path: Assets/AdamFolder/Character Animations/Animations
  artifactKey: Guid(c3abaa0cae88ebf4ba292203d6bccf31) Importer(815301076,1909f56bfc062723c751e8b465ee728b)
Start importing Assets/AdamFolder/Character Animations/Animations using Guid(c3abaa0cae88ebf4ba292203d6bccf31) Importer(815301076,1909f56bfc062723c751e8b465ee728b)  -> (artifact id: '6ded743d24d72a39c8118f5c46f85f81') in 0.012141 seconds 
========================================================================
Received Import Request.
  Time since last request: 0.031843 seconds.
  path: Assets/AdamFolder/Character Animations/Animations/Dying (1).fbx
  artifactKey: Guid(4a268ab0ea8dfd54a8cf0c0967e1444e) Importer(815301076,1909f56bfc062723c751e8b465ee728b)
Start importing Assets/AdamFolder/Character Animations/Animations/Dying (1).fbx using Guid(4a268ab0ea8dfd54a8cf0c0967e1444e) Importer(815301076,1909f56bfc062723c751e8b465ee728b)  -> (artifact id: 'b16bf62711f42df5681aba27e19f3ada') in 2.259006 seconds 
========================================================================
Received Import Request.
  Time since last request: 6.361330 seconds.
  path: Assets/AdamFolder/Animations/Animation used
  artifactKey: Guid(c98f2e33c87ce0d4d847eafec9b8b125) Importer(815301076,1909f56bfc062723c751e8b465ee728b)
Start importing Assets/AdamFolder/Animations/Animation used using Guid(c98f2e33c87ce0d4d847eafec9b8b125) Importer(815301076,1909f56bfc062723c751e8b465ee728b)  -> (artifact id: 'aa5718fb8032cb72ca7c64c093e56a38') in 0.007007 seconds 
========================================================================
Received Import Request.
  Time since last request: 0.928092 seconds.
  path: Assets/AdamFolder/Adam_Scene/NavMesh.asset
  artifactKey: Guid(5671721ba04fd2a46ada75b19e8bdc36) Importer(815301076,1909f56bfc062723c751e8b465ee728b)
Start importing Assets/AdamFolder/Adam_Scene/NavMesh.asset using Guid(5671721ba04fd2a46ada75b19e8bdc36) Importer(815301076,1909f56bfc062723c751e8b465ee728b)  -> (artifact id: '42ec11ae7c16e9c069c314cb6b13ba0f') in 0.010543 seconds 
========================================================================
Received Import Request.
  Time since last request: 25.817699 seconds.
  path: Assets/_Course Library/Source Files/Models/RoomTraditional_Models/Room_Traditional_All.fbx
  artifactKey: Guid(215119b6893ae7d4b890c9acaa834b89) Importer(815301076,1909f56bfc062723c751e8b465ee728b)
Start importing Assets/_Course Library/Source Files/Models/RoomTraditional_Models/Room_Traditional_All.fbx using Guid(215119b6893ae7d4b890c9acaa834b89) Importer(815301076,1909f56bfc062723c751e8b465ee728b)  -> (artifact id: 'b18bd17ed92017981df995fb41dd2e44') in 1.455742 seconds 
========================================================================
Received Import Request.
  Time since last request: 8.896102 seconds.
  path: Assets/AdamFolder/Adam_Scripts
  artifactKey: Guid(03a183e246ed3154c92d0e8d1a0dc94c) Importer(815301076,1909f56bfc062723c751e8b465ee728b)
Start importing Assets/AdamFolder/Adam_Scripts using Guid(03a183e246ed3154c92d0e8d1a0dc94c) Importer(815301076,1909f56bfc062723c751e8b465ee728b)  -> (artifact id: '69d90718b699bcd554e4a843101ddc37') in 0.006988 seconds 
========================================================================
Received Import Request.
  Time since last request: 3.397774 seconds.
  path: Assets/AdamFolder/Character Animations
  artifactKey: Guid(93a5c4c7b62976847901a094a523f979) Importer(815301076,1909f56bfc062723c751e8b465ee728b)
Start importing Assets/AdamFolder/Character Animations using Guid(93a5c4c7b62976847901a094a523f979) Importer(815301076,1909f56bfc062723c751e8b465ee728b)  -> (artifact id: '580454fec4b155b9ba4dd988d2fb8691') in 0.008995 seconds 
========================================================================
Received Import Request.
  Time since last request: 500.043463 seconds.
  path: Assets/AdamFolder/Character Animations/Controllers
  artifactKey: Guid(d8f2635a423868748a08a1736ac308f0) Importer(815301076,1909f56bfc062723c751e8b465ee728b)
Start importing Assets/AdamFolder/Character Animations/Controllers using Guid(d8f2635a423868748a08a1736ac308f0) Importer(815301076,1909f56bfc062723c751e8b465ee728b)  -> (artifact id: '57f3090ab891ab832bf092d1e5114082') in 0.009178 seconds 
========================================================================
Received Import Request.
  Time since last request: 90.484909 seconds.
  path: Assets/AdamFolder/Adam_Scripts/Npc_NavMesh.cs
  artifactKey: Guid(cd129711cad54384aa52e9da778b7bf8) Importer(815301076,1909f56bfc062723c751e8b465ee728b)
Start importing Assets/AdamFolder/Adam_Scripts/Npc_NavMesh.cs using Guid(cd129711cad54384aa52e9da778b7bf8) Importer(815301076,1909f56bfc062723c751e8b465ee728b)  -> (artifact id: '789fe1f3284e1fc744cbac36098017f7') in 0.016472 seconds 
========================================================================
Received Import Request.
  Time since last request: 249.138484 seconds.
  path: Assets/AdamFolder/Characters
  artifactKey: Guid(9dc3014c0855e7648adee5bcbe772cf8) Importer(815301076,1909f56bfc062723c751e8b465ee728b)
Start importing Assets/AdamFolder/Characters using Guid(9dc3014c0855e7648adee5bcbe772cf8) Importer(815301076,1909f56bfc062723c751e8b465ee728b)  -> (artifact id: 'f3aca1c03759a72aff2c85229ce72917') in 0.007575 seconds 
========================================================================
Received Import Request.
  Time since last request: 0.741360 seconds.
  path: Assets/AdamFolder/Characters/characterMedium.fbx
  artifactKey: Guid(aca9241cff064d14987c22cd82359baa) Importer(815301076,1909f56bfc062723c751e8b465ee728b)
Start importing Assets/AdamFolder/Characters/characterMedium.fbx using Guid(aca9241cff064d14987c22cd82359baa) Importer(815301076,1909f56bfc062723c751e8b465ee728b)  -> (artifact id: '8c0fdd0d0f43dd62a88552347b5a5d5f') in 0.058859 seconds 
========================================================================
Received Import Request.
  Time since last request: 45.333284 seconds.
  path: Assets/AdamFolder/Characters/characterMedium.fbx
  artifactKey: Guid(aca9241cff064d14987c22cd82359baa) Importer(815301076,1909f56bfc062723c751e8b465ee728b)
Start importing Assets/AdamFolder/Characters/characterMedium.fbx using Guid(aca9241cff064d14987c22cd82359baa) Importer(815301076,1909f56bfc062723c751e8b465ee728b)  -> (artifact id: 'a3c41f9e7b7e5c2e91c7c936f96cafb1') in 0.044958 seconds 
========================================================================
Received Import Request.
  Time since last request: 343.275136 seconds.
  path: Assets/AdamFolder/Adam scripts
  artifactKey: Guid(e9eaeb2110b04f3409af70da09a2709b) Importer(815301076,1909f56bfc062723c751e8b465ee728b)
Start importing Assets/AdamFolder/Adam scripts using Guid(e9eaeb2110b04f3409af70da09a2709b) Importer(815301076,1909f56bfc062723c751e8b465ee728b)  -> (artifact id: 'db0c0a72fbe9bf53f74e2aacf0058c34') in 0.009902 seconds 
========================================================================
Received Import Request.
  Time since last request: 33.559917 seconds.
  path: Assets/AdamFolder/Characters/Materials
  artifactKey: Guid(441f953d647fb064f90ff5662aba42fc) Importer(815301076,1909f56bfc062723c751e8b465ee728b)
Start importing Assets/AdamFolder/Characters/Materials using Guid(441f953d647fb064f90ff5662aba42fc) Importer(815301076,1909f56bfc062723c751e8b465ee728b)  -> (artifact id: '6f5ad2be45a4b2aaedbfe2b111227242') in 0.009492 seconds 
========================================================================
Received Import Request.
  Time since last request: 0.036637 seconds.
  path: Assets/AdamFolder/Characters/Materials/skaterFemaleA.png
  artifactKey: Guid(ab8eaaabed051a747af24ab8456b52de) Importer(815301076,1909f56bfc062723c751e8b465ee728b)
Start importing Assets/AdamFolder/Characters/Materials/skaterFemaleA.png using Guid(ab8eaaabed051a747af24ab8456b52de) Importer(815301076,1909f56bfc062723c751e8b465ee728b)  -> (artifact id: '24e4675aee248dfbb330ab217a74d575') in 0.052346 seconds 
========================================================================
Received Import Request.
  Time since last request: 0.000027 seconds.
  path: Assets/AdamFolder/Characters/Materials/survivorMaleB.png
  artifactKey: Guid(d9c011a380078e4499da3930ce97f51c) Importer(815301076,1909f56bfc062723c751e8b465ee728b)
Start importing Assets/AdamFolder/Characters/Materials/survivorMaleB.png using Guid(d9c011a380078e4499da3930ce97f51c) Importer(815301076,1909f56bfc062723c751e8b465ee728b)  -> (artifact id: '4126ba70f54cdf4f19be775385c5b81a') in 0.015242 seconds 
========================================================================
Received Import Request.
  Time since last request: 0.921521 seconds.
  path: Assets/AdamFolder/Characters/Materials/Materials
  artifactKey: Guid(3027f65342e69e34db921464b49dc8b1) Importer(815301076,1909f56bfc062723c751e8b465ee728b)
Start importing Assets/AdamFolder/Characters/Materials/Materials using Guid(3027f65342e69e34db921464b49dc8b1) Importer(815301076,1909f56bfc062723c751e8b465ee728b)  -> (artifact id: '88a1e60c3dc57cb12435b6bbbb9cb31c') in 0.005696 seconds 
========================================================================
Received Import Request.
  Time since last request: 364.392903 seconds.
  path: Assets/AdamFolder/Characters/Small child Variant.prefab
  artifactKey: Guid(d80c0180f60135d41becf626c9b0a5c8) Importer(815301076,1909f56bfc062723c751e8b465ee728b)
Start importing Assets/AdamFolder/Characters/Small child Variant.prefab using Guid(d80c0180f60135d41becf626c9b0a5c8) Importer(815301076,1909f56bfc062723c751e8b465ee728b)  -> (artifact id: '958f983d134857b1542587d4ec6459cf') in 0.025995 seconds 
