Using pre-set license
Built from '2021.3/staging' branch; Version is '2021.3.6f1 (7da38d85baf6) revision 8233869'; Using compiler version '192829333'; Build Type 'Release'
OS: 'Windows 10  (10.0.19044) 64bit Core' Language: 'en' Physical Memory: 16340 MB
BatchMode: 1, IsHumanControllingUs: 0, StartBugReporterOnCrash: 0, Is64bit: 1, IsPro: 1

COMMAND LINE ARGUMENTS:
D:\Stuff im vaguely aware of\College stuff\Unity 2021.3.6f1\Editor\Unity.exe
-adb2
-batchMode
-noUpm
-name
AssetImportWorker0
-projectPath
D:/Stuff im vaguely aware of/DKIT_CollaborativeProject/Respond
-logFile
Logs/AssetImportWorker0.log
-srvPort
58957
Successfully changed project path to: D:/Stuff im vaguely aware of/DKIT_CollaborativeProject/Respond
D:/Stuff im vaguely aware of/DKIT_CollaborativeProject/Respond
[UnityMemory] Configuration Parameters - Can be set up in boot.config
    "memorysetup-bucket-allocator-granularity=16"
    "memorysetup-bucket-allocator-bucket-count=8"
    "memorysetup-bucket-allocator-block-size=33554432"
    "memorysetup-bucket-allocator-block-count=8"
    "memorysetup-main-allocator-block-size=16777216"
    "memorysetup-thread-allocator-block-size=16777216"
    "memorysetup-gfx-main-allocator-block-size=16777216"
    "memorysetup-gfx-thread-allocator-block-size=16777216"
    "memorysetup-cache-allocator-block-size=4194304"
    "memorysetup-typetree-allocator-block-size=2097152"
    "memorysetup-profiler-bucket-allocator-granularity=16"
    "memorysetup-profiler-bucket-allocator-bucket-count=8"
    "memorysetup-profiler-bucket-allocator-block-size=33554432"
    "memorysetup-profiler-bucket-allocator-block-count=8"
    "memorysetup-profiler-allocator-block-size=16777216"
    "memorysetup-profiler-editor-allocator-block-size=1048576"
    "memorysetup-temp-allocator-size-main=16777216"
    "memorysetup-job-temp-allocator-block-size=2097152"
    "memorysetup-job-temp-allocator-block-size-background=1048576"
    "memorysetup-job-temp-allocator-reduction-small-platforms=262144"
    "memorysetup-temp-allocator-size-background-worker=32768"
    "memorysetup-temp-allocator-size-job-worker=262144"
    "memorysetup-temp-allocator-size-preload-manager=33554432"
    "memorysetup-temp-allocator-size-nav-mesh-worker=65536"
    "memorysetup-temp-allocator-size-audio-worker=65536"
    "memorysetup-temp-allocator-size-cloud-worker=32768"
    "memorysetup-temp-allocator-size-gi-baking-worker=262144"
    "memorysetup-temp-allocator-size-gfx=262144"
Refreshing native plugins compatible for Editor in 233.66 ms, found 9 plugins.
Preloading 0 native plugins for Editor in 0.00 ms.
Initialize engine version: 2021.3.6f1 (7da38d85baf6)
[Subsystems] Discovering subsystems at path D:/Stuff im vaguely aware of/College stuff/Unity 2021.3.6f1/Editor/Data/Resources/UnitySubsystems
[Subsystems] Discovering subsystems at path D:/Stuff im vaguely aware of/DKIT_CollaborativeProject/Respond/Assets
GfxDevice: creating device client; threaded=0; jobified=0
Direct3D:
    Version:  Direct3D 11.0 [level 11.1]
    Renderer: NVIDIA GeForce GTX 1650 (ID=0x1f82)
    Vendor:   NVIDIA
    VRAM:     3962 MB
    Driver:   31.0.15.1694
Initialize mono
Mono path[0] = 'D:/Stuff im vaguely aware of/College stuff/Unity 2021.3.6f1/Editor/Data/Managed'
Mono path[1] = 'D:/Stuff im vaguely aware of/College stuff/Unity 2021.3.6f1/Editor/Data/MonoBleedingEdge/lib/mono/unityjit-win32'
Mono config path = 'D:/Stuff im vaguely aware of/College stuff/Unity 2021.3.6f1/Editor/Data/MonoBleedingEdge/etc'
Using monoOptions --debugger-agent=transport=dt_socket,embedding=1,server=y,suspend=n,address=127.0.0.1:56348
Begin MonoManager ReloadAssembly
Registering precompiled unity dll's ...
Register platform support module: D:/Stuff im vaguely aware of/College stuff/Unity 2021.3.6f1/Editor/Data/PlaybackEngines/WindowsStandaloneSupport/UnityEditor.WindowsStandalone.Extensions.dll
Registered in 0.007310 seconds.
Native extension for WindowsStandalone target not found
Refreshing native plugins compatible for Editor in 183.00 ms, found 9 plugins.
Preloading 0 native plugins for Editor in 0.00 ms.
Mono: successfully reloaded assembly
- Completed reload, in  1.018 seconds
Domain Reload Profiling:
	ReloadAssembly (1019ms)
		BeginReloadAssembly (150ms)
			ExecutionOrderSort (0ms)
			DisableScriptedObjects (0ms)
			BackupInstance (0ms)
			ReleaseScriptingObjects (0ms)
			CreateAndSetChildDomain (1ms)
		EndReloadAssembly (709ms)
			LoadAssemblies (149ms)
			RebuildTransferFunctionScriptingTraits (0ms)
			SetupTypeCache (140ms)
			ReleaseScriptCaches (0ms)
			RebuildScriptCaches (35ms)
			SetupLoadedEditorAssemblies (464ms)
				LogAssemblyErrors (0ms)
				InitializePlatformSupportModulesInManaged (9ms)
				SetLoadedEditorAssemblies (0ms)
				RefreshPlugins (183ms)
				BeforeProcessingInitializeOnLoad (2ms)
				ProcessInitializeOnLoadAttributes (206ms)
				ProcessInitializeOnLoadMethodAttributes (64ms)
				AfterProcessingInitializeOnLoad (0ms)
				EditorAssembliesLoaded (0ms)
			ExecutionOrderSort2 (0ms)
			AwakeInstancesAfterBackupRestoration (0ms)
Platform modules already initialized, skipping
Registering precompiled user dll's ...
Registered in 0.026071 seconds.
Begin MonoManager ReloadAssembly
Symbol file LoadedFromMemory doesn't match image D:\Stuff im vaguely aware of\DKIT_CollaborativeProject\Respond\Library\PackageCache\com.unity.visualscripting@1.7.8\Editor\VisualScripting.Core\Dependencies\DotNetZip\Unity.VisualScripting.IonicZip.dll
Symbol file LoadedFromMemory doesn't match image D:\Stuff im vaguely aware of\DKIT_CollaborativeProject\Respond\Library\PackageCache\com.unity.visualscripting@1.7.8\Editor\VisualScripting.Core\Dependencies\YamlDotNet\Unity.VisualScripting.YamlDotNet.dll
Native extension for WindowsStandalone target not found
Refreshing native plugins compatible for Editor in 225.05 ms, found 9 plugins.
Preloading 0 native plugins for Editor in 0.00 ms.
Package Manager log level set to [2]
Mono: successfully reloaded assembly
- Completed reload, in  2.381 seconds
Domain Reload Profiling:
	ReloadAssembly (2382ms)
		BeginReloadAssembly (235ms)
			ExecutionOrderSort (0ms)
			DisableScriptedObjects (9ms)
			BackupInstance (0ms)
			ReleaseScriptingObjects (0ms)
			CreateAndSetChildDomain (30ms)
		EndReloadAssembly (1982ms)
			LoadAssemblies (237ms)
			RebuildTransferFunctionScriptingTraits (0ms)
			SetupTypeCache (440ms)
			ReleaseScriptCaches (1ms)
			RebuildScriptCaches (132ms)
			SetupLoadedEditorAssemblies (1176ms)
				LogAssemblyErrors (0ms)
				InitializePlatformSupportModulesInManaged (5ms)
				SetLoadedEditorAssemblies (0ms)
				RefreshPlugins (225ms)
				BeforeProcessingInitializeOnLoad (199ms)
				ProcessInitializeOnLoadAttributes (589ms)
				ProcessInitializeOnLoadMethodAttributes (151ms)
				AfterProcessingInitializeOnLoad (7ms)
				EditorAssembliesLoaded (0ms)
			ExecutionOrderSort2 (0ms)
			AwakeInstancesAfterBackupRestoration (9ms)
Platform modules already initialized, skipping
========================================================================
Worker process is ready to serve import requests
Launched and connected shader compiler UnityShaderCompiler.exe after 0.06 seconds
Refreshing native plugins compatible for Editor in 2.61 ms, found 9 plugins.
Preloading 0 native plugins for Editor in 0.00 ms.
Unloading 6650 Unused Serialized files (Serialized files now loaded: 0)
Unloading 64 unused Assets / (0.7 MB). Loaded Objects now: 7112.
Memory consumption went from 264.1 MB to 263.3 MB.
Total: 5.637300 ms (FindLiveObjects: 0.746200 ms CreateObjectMapping: 0.378400 ms MarkObjects: 4.079500 ms  DeleteObjects: 0.431500 ms)

AssetImportParameters requested are different than current active one (requested -> active):
  custom:video-decoder-ogg-theora: a1e56fd34408186e4bbccfd4996cb3dc -> 
  custom:container-muxer-webm: aa71ff27fc2769a1b78a27578f13a17b -> 
  custom:container-demuxer-webm: 4f35f7cbe854078d1ac9338744f61a02 -> 
  custom:video-encoder-webm-vp8: eb34c28f22e8b96e1ab97ce403110664 -> 
  custom:audio-encoder-webm-vorbis: bf7c407c2cedff20999df2af8eb42d56 -> 
  custom:framework-win-MediaFoundation: 216162199b28c13a410421893ffa2e32 -> 
  custom:container-demuxer-ogg: 62fdf1f143b41e24485cea50d1cbac27 -> 
  custom:video-decoder-webm-vp8: 9c59270c3fd7afecdb556c50c9e8de78 -> 
  custom:audio-decoder-ogg-vorbis: bf7c407c2cedff20999df2af8eb42d56 -> 
========================================================================
Received Import Request.
  Time since last request: 107592.926063 seconds.
  path: Assets/Scenes/ALLTogetherDONOTTOUCH 1.unity
  artifactKey: Guid(3303a502d83a03b4c843f7f71c35e50e) Importer(815301076,1909f56bfc062723c751e8b465ee728b)
Start importing Assets/Scenes/ALLTogetherDONOTTOUCH 1.unity using Guid(3303a502d83a03b4c843f7f71c35e50e) Importer(815301076,1909f56bfc062723c751e8b465ee728b)  -> (artifact id: '1953340d9e8527078adf6240966618e9') in 0.036579 seconds 
========================================================================
Received Import Request.
  Time since last request: 0.000044 seconds.
  path: Assets/Scenes/Adam_Scene.unity
  artifactKey: Guid(7cd708c0164262d4585424c593e0262f) Importer(815301076,1909f56bfc062723c751e8b465ee728b)
Start importing Assets/Scenes/Adam_Scene.unity using Guid(7cd708c0164262d4585424c593e0262f) Importer(815301076,1909f56bfc062723c751e8b465ee728b)  -> (artifact id: '17849a4c8f7b75dbdf421872b41301f6') in 0.013642 seconds 
========================================================================
Received Import Request.
  Time since last request: 0.000045 seconds.
  path: Assets/Scenes/Adam_Scene/NavMesh.asset
  artifactKey: Guid(d5f576e5dabe93445ba0f3d2200cbd05) Importer(815301076,1909f56bfc062723c751e8b465ee728b)
Start importing Assets/Scenes/Adam_Scene/NavMesh.asset using Guid(d5f576e5dabe93445ba0f3d2200cbd05) Importer(815301076,1909f56bfc062723c751e8b465ee728b)  -> (artifact id: 'c5cbd3e250740a57e8c6f41b8f9b68ac') in 0.109659 seconds 
========================================================================
Received Import Request.
  Time since last request: 0.000030 seconds.
  path: Assets/Scenes/Level1.unity
  artifactKey: Guid(99c9720ab356a0642a771bea13969a05) Importer(815301076,1909f56bfc062723c751e8b465ee728b)
Start importing Assets/Scenes/Level1.unity using Guid(99c9720ab356a0642a771bea13969a05) Importer(815301076,1909f56bfc062723c751e8b465ee728b)  -> (artifact id: 'af9d8a981fe242a15fd36df2fb9ea01e') in 0.010545 seconds 
========================================================================
Received Prepare
Registering precompiled user dll's ...
Registered in 0.024577 seconds.
Begin MonoManager ReloadAssembly
Symbol file LoadedFromMemory doesn't match image D:\Stuff im vaguely aware of\DKIT_CollaborativeProject\Respond\Library\PackageCache\com.unity.visualscripting@1.7.8\Editor\VisualScripting.Core\Dependencies\DotNetZip\Unity.VisualScripting.IonicZip.dll
Symbol file LoadedFromMemory doesn't match image D:\Stuff im vaguely aware of\DKIT_CollaborativeProject\Respond\Library\PackageCache\com.unity.visualscripting@1.7.8\Editor\VisualScripting.Core\Dependencies\YamlDotNet\Unity.VisualScripting.YamlDotNet.dll
Native extension for WindowsStandalone target not found
Refreshing native plugins compatible for Editor in 2.83 ms, found 9 plugins.
Preloading 0 native plugins for Editor in 0.00 ms.
Mono: successfully reloaded assembly
- Completed reload, in  2.120 seconds
Domain Reload Profiling:
	ReloadAssembly (2122ms)
		BeginReloadAssembly (231ms)
			ExecutionOrderSort (0ms)
			DisableScriptedObjects (6ms)
			BackupInstance (0ms)
			ReleaseScriptingObjects (0ms)
			CreateAndSetChildDomain (49ms)
		EndReloadAssembly (1742ms)
			LoadAssemblies (218ms)
			RebuildTransferFunctionScriptingTraits (0ms)
			SetupTypeCache (421ms)
			ReleaseScriptCaches (2ms)
			RebuildScriptCaches (68ms)
			SetupLoadedEditorAssemblies (945ms)
				LogAssemblyErrors (0ms)
				InitializePlatformSupportModulesInManaged (23ms)
				SetLoadedEditorAssemblies (1ms)
				RefreshPlugins (3ms)
				BeforeProcessingInitializeOnLoad (155ms)
				ProcessInitializeOnLoadAttributes (576ms)
				ProcessInitializeOnLoadMethodAttributes (175ms)
				AfterProcessingInitializeOnLoad (10ms)
				EditorAssembliesLoaded (1ms)
			ExecutionOrderSort2 (0ms)
			AwakeInstancesAfterBackupRestoration (31ms)
Platform modules already initialized, skipping
Refreshing native plugins compatible for Editor in 10.72 ms, found 9 plugins.
Preloading 0 native plugins for Editor in 0.00 ms.
Unloading 6481 Unused Serialized files (Serialized files now loaded: 0)
Unloading 54 unused Assets / (0.7 MB). Loaded Objects now: 7116.
Memory consumption went from 279.1 MB to 278.4 MB.
Total: 6.123800 ms (FindLiveObjects: 0.585400 ms CreateObjectMapping: 0.347900 ms MarkObjects: 4.721500 ms  DeleteObjects: 0.467600 ms)

AssetImportParameters requested are different than current active one (requested -> active):
  custom:video-decoder-ogg-theora: a1e56fd34408186e4bbccfd4996cb3dc -> 
  custom:container-muxer-webm: aa71ff27fc2769a1b78a27578f13a17b -> 
  custom:container-demuxer-webm: 4f35f7cbe854078d1ac9338744f61a02 -> 
  custom:video-encoder-webm-vp8: eb34c28f22e8b96e1ab97ce403110664 -> 
  custom:audio-encoder-webm-vorbis: bf7c407c2cedff20999df2af8eb42d56 -> 
  custom:framework-win-MediaFoundation: 216162199b28c13a410421893ffa2e32 -> 
  custom:container-demuxer-ogg: 62fdf1f143b41e24485cea50d1cbac27 -> 
  custom:video-decoder-webm-vp8: 9c59270c3fd7afecdb556c50c9e8de78 -> 
  custom:audio-decoder-ogg-vorbis: bf7c407c2cedff20999df2af8eb42d56 -> 
========================================================================
Received Import Request.
  Time since last request: 21.519089 seconds.
  path: Assets/Scenes/Adam_Scene
  artifactKey: Guid(95543b57f2ee11548a0faa436f792dcf) Importer(815301076,1909f56bfc062723c751e8b465ee728b)
Start importing Assets/Scenes/Adam_Scene using Guid(95543b57f2ee11548a0faa436f792dcf) Importer(815301076,1909f56bfc062723c751e8b465ee728b)  -> (artifact id: '6e5f93ab877aba8365727e37a078adc6') in 0.019578 seconds 
========================================================================
Received Import Request.
  Time since last request: 14.099514 seconds.
  path: Assets/Adam_Scene.unity
  artifactKey: Guid(30e4cff039545e54da7767ab503aaca7) Importer(815301076,1909f56bfc062723c751e8b465ee728b)
Start importing Assets/Adam_Scene.unity using Guid(30e4cff039545e54da7767ab503aaca7) Importer(815301076,1909f56bfc062723c751e8b465ee728b)  -> (artifact id: 'ef2933689416682cb917434ff98ddf38') in 0.004157 seconds 
========================================================================
Received Import Request.
  Time since last request: 4.963041 seconds.
  path: Assets/AdamFolder/Adam_Scene.unity
  artifactKey: Guid(a2617db8dde8be848b4bcbafb8df31e2) Importer(815301076,1909f56bfc062723c751e8b465ee728b)
Start importing Assets/AdamFolder/Adam_Scene.unity using Guid(a2617db8dde8be848b4bcbafb8df31e2) Importer(815301076,1909f56bfc062723c751e8b465ee728b)  -> (artifact id: '662435bcc973a31df6ab0cc89c6faa30') in 0.003639 seconds 
========================================================================
Received Import Request.
  Time since last request: 78.288954 seconds.
  path: Assets/AdamFolder/Characters/characterMedium.fbx
  artifactKey: Guid(aca9241cff064d14987c22cd82359baa) Importer(815301076,1909f56bfc062723c751e8b465ee728b)
Start importing Assets/AdamFolder/Characters/characterMedium.fbx using Guid(aca9241cff064d14987c22cd82359baa) Importer(815301076,1909f56bfc062723c751e8b465ee728b)  -> (artifact id: 'ba7b9c7e8506c0570d85a504899e3ace') in 0.780821 seconds 
========================================================================
Received Import Request.
  Time since last request: 42.788843 seconds.
  path: Assets/AdamFolder/Characters/Materials
  artifactKey: Guid(441f953d647fb064f90ff5662aba42fc) Importer(815301076,1909f56bfc062723c751e8b465ee728b)
Start importing Assets/AdamFolder/Characters/Materials using Guid(441f953d647fb064f90ff5662aba42fc) Importer(815301076,1909f56bfc062723c751e8b465ee728b)  -> (artifact id: '6f5ad2be45a4b2aaedbfe2b111227242') in 0.010771 seconds 
========================================================================
Received Import Request.
  Time since last request: 0.042727 seconds.
  path: Assets/AdamFolder/Characters/Materials/skaterFemaleA.png
  artifactKey: Guid(ab8eaaabed051a747af24ab8456b52de) Importer(815301076,1909f56bfc062723c751e8b465ee728b)
Start importing Assets/AdamFolder/Characters/Materials/skaterFemaleA.png using Guid(ab8eaaabed051a747af24ab8456b52de) Importer(815301076,1909f56bfc062723c751e8b465ee728b)  -> (artifact id: '24e4675aee248dfbb330ab217a74d575') in 0.172798 seconds 
========================================================================
Received Import Request.
  Time since last request: 0.000035 seconds.
  path: Assets/AdamFolder/Characters/Materials/survivorFemaleA.png
  artifactKey: Guid(3f1943082a3ec954c876ba7e1dc4739b) Importer(815301076,1909f56bfc062723c751e8b465ee728b)
Start importing Assets/AdamFolder/Characters/Materials/survivorFemaleA.png using Guid(3f1943082a3ec954c876ba7e1dc4739b) Importer(815301076,1909f56bfc062723c751e8b465ee728b)  -> (artifact id: '2cff482263908896aae2a17dde110f1f') in 0.026946 seconds 
========================================================================
Received Import Request.
  Time since last request: 96.745923 seconds.
  path: Assets/AdamFolder/Characters/Materials/Applied textures
  artifactKey: Guid(ef941b0d66fefbc48b9fad157552ed7c) Importer(815301076,1909f56bfc062723c751e8b465ee728b)
Start importing Assets/AdamFolder/Characters/Materials/Applied textures using Guid(ef941b0d66fefbc48b9fad157552ed7c) Importer(815301076,1909f56bfc062723c751e8b465ee728b)  -> (artifact id: '0076d7f7a36aef7c9c87d16ed8958d3c') in 0.011864 seconds 
========================================================================
Received Import Request.
  Time since last request: 0.338953 seconds.
  path: Assets/AdamFolder/Characters/Materials/Materials
  artifactKey: Guid(3027f65342e69e34db921464b49dc8b1) Importer(815301076,1909f56bfc062723c751e8b465ee728b)
Start importing Assets/AdamFolder/Characters/Materials/Materials using Guid(3027f65342e69e34db921464b49dc8b1) Importer(815301076,1909f56bfc062723c751e8b465ee728b)  -> (artifact id: '88a1e60c3dc57cb12435b6bbbb9cb31c') in 0.017875 seconds 
========================================================================
Received Import Request.
  Time since last request: 0.063149 seconds.
  path: Assets/AdamFolder/Characters/Materials/Materials/skaterFemaleA.mat
  artifactKey: Guid(0134f7e6e11b775489bcc6070bbbe5fc) Importer(815301076,1909f56bfc062723c751e8b465ee728b)
Start importing Assets/AdamFolder/Characters/Materials/Materials/skaterFemaleA.mat using Guid(0134f7e6e11b775489bcc6070bbbe5fc) Importer(815301076,1909f56bfc062723c751e8b465ee728b)  -> (artifact id: 'b31839583436d1b7d5580f16d2bf3e51') in 0.026033 seconds 
========================================================================
Received Import Request.
  Time since last request: 0.000028 seconds.
  path: Assets/AdamFolder/Characters/Materials/Materials/survivorFemaleA.mat
  artifactKey: Guid(aa1b2c49572d60e40985f6a8483977c3) Importer(815301076,1909f56bfc062723c751e8b465ee728b)
Start importing Assets/AdamFolder/Characters/Materials/Materials/survivorFemaleA.mat using Guid(aa1b2c49572d60e40985f6a8483977c3) Importer(815301076,1909f56bfc062723c751e8b465ee728b)  -> (artifact id: '114b662dd9b017124cb820a4a4e87064') in 0.039233 seconds 
========================================================================
Received Import Request.
  Time since last request: 0.000036 seconds.
  path: Assets/AdamFolder/Characters/Materials/Materials/survivorMaleB.mat
  artifactKey: Guid(f1c8e4b8c550cdc41afc6d23778cefd6) Importer(815301076,1909f56bfc062723c751e8b465ee728b)
Start importing Assets/AdamFolder/Characters/Materials/Materials/survivorMaleB.mat using Guid(f1c8e4b8c550cdc41afc6d23778cefd6) Importer(815301076,1909f56bfc062723c751e8b465ee728b)  -> (artifact id: 'c36da0a52f9f20dae94dec8a1d014783') in 0.045267 seconds 
========================================================================
Received Import Request.
  Time since last request: 262.205131 seconds.
  path: Assets/AdamFolder/Adam_Scene/NavMesh.asset
  artifactKey: Guid(5671721ba04fd2a46ada75b19e8bdc36) Importer(815301076,1909f56bfc062723c751e8b465ee728b)
Start importing Assets/AdamFolder/Adam_Scene/NavMesh.asset using Guid(5671721ba04fd2a46ada75b19e8bdc36) Importer(815301076,1909f56bfc062723c751e8b465ee728b)  -> (artifact id: '110427ed7988b53aae9481cc3ffceddb') in 0.009634 seconds 
========================================================================
Received Import Request.
  Time since last request: 3.291704 seconds.
  path: Assets/AdamFolder/Adam_Scripts/Npc_NavMesh.cs
  artifactKey: Guid(cd129711cad54384aa52e9da778b7bf8) Importer(815301076,1909f56bfc062723c751e8b465ee728b)
Start importing Assets/AdamFolder/Adam_Scripts/Npc_NavMesh.cs using Guid(cd129711cad54384aa52e9da778b7bf8) Importer(815301076,1909f56bfc062723c751e8b465ee728b)  -> (artifact id: '40a4bfe8cd949402d4d3d44a6351e6b8') in 0.038504 seconds 
========================================================================
Received Prepare
Registering precompiled user dll's ...
Registered in 0.029238 seconds.
Begin MonoManager ReloadAssembly
Symbol file LoadedFromMemory doesn't match image D:\Stuff im vaguely aware of\DKIT_CollaborativeProject\Respond\Library\PackageCache\com.unity.visualscripting@1.7.8\Editor\VisualScripting.Core\Dependencies\DotNetZip\Unity.VisualScripting.IonicZip.dll
Symbol file LoadedFromMemory doesn't match image D:\Stuff im vaguely aware of\DKIT_CollaborativeProject\Respond\Library\PackageCache\com.unity.visualscripting@1.7.8\Editor\VisualScripting.Core\Dependencies\YamlDotNet\Unity.VisualScripting.YamlDotNet.dll
Native extension for WindowsStandalone target not found
Refreshing native plugins compatible for Editor in 2.14 ms, found 9 plugins.
Preloading 0 native plugins for Editor in 0.00 ms.
Mono: successfully reloaded assembly
- Completed reload, in  2.453 seconds
Domain Reload Profiling:
	ReloadAssembly (2454ms)
		BeginReloadAssembly (249ms)
			ExecutionOrderSort (0ms)
			DisableScriptedObjects (9ms)
			BackupInstance (0ms)
			ReleaseScriptingObjects (0ms)
			CreateAndSetChildDomain (62ms)
		EndReloadAssembly (2064ms)
			LoadAssemblies (211ms)
			RebuildTransferFunctionScriptingTraits (0ms)
			SetupTypeCache (443ms)
			ReleaseScriptCaches (3ms)
			RebuildScriptCaches (77ms)
			SetupLoadedEditorAssemblies (864ms)
				LogAssemblyErrors (0ms)
				InitializePlatformSupportModulesInManaged (17ms)
				SetLoadedEditorAssemblies (1ms)
				RefreshPlugins (2ms)
				BeforeProcessingInitializeOnLoad (152ms)
				ProcessInitializeOnLoadAttributes (549ms)
				ProcessInitializeOnLoadMethodAttributes (136ms)
				AfterProcessingInitializeOnLoad (7ms)
				EditorAssembliesLoaded (0ms)
			ExecutionOrderSort2 (0ms)
			AwakeInstancesAfterBackupRestoration (34ms)
Platform modules already initialized, skipping
Refreshing native plugins compatible for Editor in 15.17 ms, found 9 plugins.
Preloading 0 native plugins for Editor in 0.00 ms.
Unloading 6488 Unused Serialized files (Serialized files now loaded: 0)
Unloading 54 unused Assets / (0.7 MB). Loaded Objects now: 7216.
Memory consumption went from 299.1 MB to 298.4 MB.
Total: 7.423700 ms (FindLiveObjects: 0.547600 ms CreateObjectMapping: 0.378500 ms MarkObjects: 5.991700 ms  DeleteObjects: 0.504300 ms)

AssetImportParameters requested are different than current active one (requested -> active):
  custom:video-decoder-ogg-theora: a1e56fd34408186e4bbccfd4996cb3dc -> 
  custom:container-muxer-webm: aa71ff27fc2769a1b78a27578f13a17b -> 
  custom:container-demuxer-webm: 4f35f7cbe854078d1ac9338744f61a02 -> 
  custom:video-encoder-webm-vp8: eb34c28f22e8b96e1ab97ce403110664 -> 
  custom:audio-encoder-webm-vorbis: bf7c407c2cedff20999df2af8eb42d56 -> 
  custom:framework-win-MediaFoundation: 216162199b28c13a410421893ffa2e32 -> 
  custom:container-demuxer-ogg: 62fdf1f143b41e24485cea50d1cbac27 -> 
  custom:video-decoder-webm-vp8: 9c59270c3fd7afecdb556c50c9e8de78 -> 
  custom:audio-decoder-ogg-vorbis: bf7c407c2cedff20999df2af8eb42d56 -> 
========================================================================
Received Prepare
Registering precompiled user dll's ...
Registered in 0.030395 seconds.
Begin MonoManager ReloadAssembly
Symbol file LoadedFromMemory doesn't match image D:\Stuff im vaguely aware of\DKIT_CollaborativeProject\Respond\Library\PackageCache\com.unity.visualscripting@1.7.8\Editor\VisualScripting.Core\Dependencies\DotNetZip\Unity.VisualScripting.IonicZip.dll
Symbol file LoadedFromMemory doesn't match image D:\Stuff im vaguely aware of\DKIT_CollaborativeProject\Respond\Library\PackageCache\com.unity.visualscripting@1.7.8\Editor\VisualScripting.Core\Dependencies\YamlDotNet\Unity.VisualScripting.YamlDotNet.dll
Native extension for WindowsStandalone target not found
Refreshing native plugins compatible for Editor in 3.11 ms, found 9 plugins.
Preloading 0 native plugins for Editor in 0.00 ms.
Mono: successfully reloaded assembly
- Completed reload, in  2.342 seconds
Domain Reload Profiling:
	ReloadAssembly (2343ms)
		BeginReloadAssembly (273ms)
			ExecutionOrderSort (0ms)
			DisableScriptedObjects (8ms)
			BackupInstance (0ms)
			ReleaseScriptingObjects (0ms)
			CreateAndSetChildDomain (67ms)
		EndReloadAssembly (1894ms)
			LoadAssemblies (244ms)
			RebuildTransferFunctionScriptingTraits (0ms)
			SetupTypeCache (522ms)
			ReleaseScriptCaches (3ms)
			RebuildScriptCaches (88ms)
			SetupLoadedEditorAssemblies (913ms)
				LogAssemblyErrors (0ms)
				InitializePlatformSupportModulesInManaged (18ms)
				SetLoadedEditorAssemblies (1ms)
				RefreshPlugins (3ms)
				BeforeProcessingInitializeOnLoad (162ms)
				ProcessInitializeOnLoadAttributes (560ms)
				ProcessInitializeOnLoadMethodAttributes (160ms)
				AfterProcessingInitializeOnLoad (8ms)
				EditorAssembliesLoaded (0ms)
			ExecutionOrderSort2 (0ms)
			AwakeInstancesAfterBackupRestoration (28ms)
Platform modules already initialized, skipping
Refreshing native plugins compatible for Editor in 14.87 ms, found 9 plugins.
Preloading 0 native plugins for Editor in 0.00 ms.
Unloading 6489 Unused Serialized files (Serialized files now loaded: 0)
Unloading 54 unused Assets / (0.7 MB). Loaded Objects now: 7220.
Memory consumption went from 299.3 MB to 298.6 MB.
Total: 5.615100 ms (FindLiveObjects: 0.604000 ms CreateObjectMapping: 0.365700 ms MarkObjects: 4.144800 ms  DeleteObjects: 0.498700 ms)

AssetImportParameters requested are different than current active one (requested -> active):
  custom:video-decoder-ogg-theora: a1e56fd34408186e4bbccfd4996cb3dc -> 
  custom:container-muxer-webm: aa71ff27fc2769a1b78a27578f13a17b -> 
  custom:container-demuxer-webm: 4f35f7cbe854078d1ac9338744f61a02 -> 
  custom:video-encoder-webm-vp8: eb34c28f22e8b96e1ab97ce403110664 -> 
  custom:audio-encoder-webm-vorbis: bf7c407c2cedff20999df2af8eb42d56 -> 
  custom:framework-win-MediaFoundation: 216162199b28c13a410421893ffa2e32 -> 
  custom:container-demuxer-ogg: 62fdf1f143b41e24485cea50d1cbac27 -> 
  custom:video-decoder-webm-vp8: 9c59270c3fd7afecdb556c50c9e8de78 -> 
  custom:audio-decoder-ogg-vorbis: bf7c407c2cedff20999df2af8eb42d56 -> 
========================================================================
Received Prepare
Registering precompiled user dll's ...
Registered in 0.031047 seconds.
Begin MonoManager ReloadAssembly
Symbol file LoadedFromMemory doesn't match image D:\Stuff im vaguely aware of\DKIT_CollaborativeProject\Respond\Library\PackageCache\com.unity.visualscripting@1.7.8\Editor\VisualScripting.Core\Dependencies\DotNetZip\Unity.VisualScripting.IonicZip.dll
Symbol file LoadedFromMemory doesn't match image D:\Stuff im vaguely aware of\DKIT_CollaborativeProject\Respond\Library\PackageCache\com.unity.visualscripting@1.7.8\Editor\VisualScripting.Core\Dependencies\YamlDotNet\Unity.VisualScripting.YamlDotNet.dll
Native extension for WindowsStandalone target not found
Refreshing native plugins compatible for Editor in 1.79 ms, found 9 plugins.
Preloading 0 native plugins for Editor in 0.00 ms.
Mono: successfully reloaded assembly
- Completed reload, in  2.585 seconds
Domain Reload Profiling:
	ReloadAssembly (2587ms)
		BeginReloadAssembly (308ms)
			ExecutionOrderSort (0ms)
			DisableScriptedObjects (9ms)
			BackupInstance (0ms)
			ReleaseScriptingObjects (0ms)
			CreateAndSetChildDomain (69ms)
		EndReloadAssembly (2086ms)
			LoadAssemblies (273ms)
			RebuildTransferFunctionScriptingTraits (0ms)
			SetupTypeCache (560ms)
			ReleaseScriptCaches (3ms)
			RebuildScriptCaches (111ms)
			SetupLoadedEditorAssemblies (1014ms)
				LogAssemblyErrors (0ms)
				InitializePlatformSupportModulesInManaged (20ms)
				SetLoadedEditorAssemblies (1ms)
				RefreshPlugins (2ms)
				BeforeProcessingInitializeOnLoad (202ms)
				ProcessInitializeOnLoadAttributes (592ms)
				ProcessInitializeOnLoadMethodAttributes (187ms)
				AfterProcessingInitializeOnLoad (10ms)
				EditorAssembliesLoaded (1ms)
			ExecutionOrderSort2 (0ms)
			AwakeInstancesAfterBackupRestoration (40ms)
Platform modules already initialized, skipping
Refreshing native plugins compatible for Editor in 16.63 ms, found 9 plugins.
Preloading 0 native plugins for Editor in 0.00 ms.
Unloading 6489 Unused Serialized files (Serialized files now loaded: 0)
Unloading 54 unused Assets / (0.7 MB). Loaded Objects now: 7224.
Memory consumption went from 299.3 MB to 298.6 MB.
Total: 9.072400 ms (FindLiveObjects: 1.197900 ms CreateObjectMapping: 0.751500 ms MarkObjects: 6.502700 ms  DeleteObjects: 0.618600 ms)

AssetImportParameters requested are different than current active one (requested -> active):
  custom:video-decoder-ogg-theora: a1e56fd34408186e4bbccfd4996cb3dc -> 
  custom:container-muxer-webm: aa71ff27fc2769a1b78a27578f13a17b -> 
  custom:container-demuxer-webm: 4f35f7cbe854078d1ac9338744f61a02 -> 
  custom:video-encoder-webm-vp8: eb34c28f22e8b96e1ab97ce403110664 -> 
  custom:audio-encoder-webm-vorbis: bf7c407c2cedff20999df2af8eb42d56 -> 
  custom:framework-win-MediaFoundation: 216162199b28c13a410421893ffa2e32 -> 
  custom:container-demuxer-ogg: 62fdf1f143b41e24485cea50d1cbac27 -> 
  custom:video-decoder-webm-vp8: 9c59270c3fd7afecdb556c50c9e8de78 -> 
  custom:audio-decoder-ogg-vorbis: bf7c407c2cedff20999df2af8eb42d56 -> 
Editor requested this worker to shutdown with reason: Scaling down because of idle timeout
AssetImportWorker is now disconnected from the server
Process exiting
Exiting without the bug reporter. Application will terminate with return code 0